
ROM used: 388 (5%)
          388 (5%) including unused fragments

          0 Average locations per line
          1 Average locations per statement

RAM used: 7 (2%) at main() level
          18 (5%) worst case

Stack used: 4 worst case (out of 8 total available)

Lines Stmts  %   Files
----- ----- ---  -----
   40    22   6  LCD.c
  411     0   0  C:\Program Files (x86)\PICC\devices\16f887.h
  212     0   0  C:\Program Files (x86)\PICC\drivers\luutinh.h
  249    88  25  C:\Program Files (x86)\PICC\drivers\LCD.h
 2104   238  68  C:\Program Files (x86)\PICC\drivers\math.h
----- -----
 3016   348 Total

Page ROM  %  RAM   Vol Diff  Functions:
---- --- --- ---   --- ----  ----------
0     21   5   1             @delay_ms2
0      8   2   0             @const373
0     49  13   2   594  4.3  lcd_init
 Inline        3   620  3.8  lcd_read_byte
0     37  10   2   204  3.2  lcd_read_nibble
0     62  16   3   313  3.4  lcd_send_byte
0     25   6   1   336  1.9  lcd_send_nibble
0     35   9   4   335  5.5  lcd_gotoxy
0     37  10   1   272  4.1  lcd_putc
0     75  19   1   321  3.1  MAIN
0     11   3   0             @const384
0     24   6   1   149  2.2  Button1

Program metrics:
    Functions               9
    Statements              348
    Comments                492
    Volume (V)              4962
    Difficilty (D)          31.3
    Effort to implement (E) 155223
    Time to implement (T)   2 hours, 24 minutes
    Est Delivered Bugs (B)  1
    Cyclomatic Complexity   11
    Maintainability (MI)    34

 Segment     Used  Free
-----------  ----  ----
00000-00003     4  0  
00004-007FF   384  1660  
00800-00FFF     0  2048  
01000-017FF     0  2048  
01800-01FFF     0  2048  



